
> shuttleport-mvp@0.1.0 build
> next build

  ▲ Next.js 14.2.35

   Creating an optimized production build ...

> Build error occurred
Error: 
[next-intl] Could not locate request configuration module.

This path is supported by default: ./(src/)i18n/request.{js,jsx,ts,tsx}

Alternatively, you can specify a custom location in your Next.js config:

const withNextIntl = createNextIntlPlugin(
  './path/to/i18n/request.tsx'
);

    at throwError (/home/bedir/Documents/code/Shuttleport_Front/node_modules/next-intl/dist/cjs/development/plugin-Har7Ebj3.cjs:21:9)
    at resolveI18nPath (/home/bedir/Documents/code/Shuttleport_Front/node_modules/next-intl/dist/cjs/development/plugin-Har7Ebj3.cjs:1221:7)
    at Object.webpack (/home/bedir/Documents/code/Shuttleport_Front/node_modules/next-intl/dist/cjs/development/plugin-Har7Ebj3.cjs:1393:96)
    at Object.webpack (/home/bedir/Documents/code/Shuttleport_Front/node_modules/next-pwa/index.js:60:31)
    at getBaseWebpackConfig (/home/bedir/Documents/code/Shuttleport_Front/node_modules/next/dist/build/webpack-config.js:1838:32)
    at async Promise.all (index 1)
    at async Span.traceAsyncFn (/home/bedir/Documents/code/Shuttleport_Front/node_modules/next/dist/trace/trace.js:154:20)
    at async webpackBuildImpl (/home/bedir/Documents/code/Shuttleport_Front/node_modules/next/dist/build/webpack-build/impl.js:136:21)
    at async /home/bedir/Documents/code/Shuttleport_Front/node_modules/next/dist/build/index.js:1006:111
    at async Span.traceAsyncFn (/home/bedir/Documents/code/Shuttleport_Front/node_modules/next/dist/trace/trace.js:154:20)
