
> shuttleport-mvp@0.1.0 dev
> next dev -p 3003

  ▲ Next.js 14.2.35
  - Local:        http://localhost:3003
  - Environments: .env.local

 ✓ Starting...
> [PWA] PWA support is disabled
> [PWA] PWA support is disabled
 ✓ Ready in 1987ms
 ✓ Compiled /src/middleware in 330ms (88 modules)
MIDDLEWARE CALLED FOR: /en
 ○ Compiling /[locale] ...
 ✓ Compiled /[locale] in 2.8s (763 modules)
 ✓ Compiled in 373ms (332 modules)
 GET /en 200 in 3206ms
 ○ Compiling /icon.png ...
 ✓ Compiled /icon.png in 2.3s (454 modules)
 GET /icon.png?89bb144c429230e8 200 in 2438ms
MIDDLEWARE CALLED FOR: /tr
MIDDLEWARE CALLED FOR: /
 GET / 200 in 126ms
MIDDLEWARE CALLED FOR: /
 GET / 200 in 49ms
MIDDLEWARE CALLED FOR: /
 GET / 200 in 73ms
MIDDLEWARE CALLED FOR: /
 GET / 200 in 26ms
 GET /icon.png?89bb144c429230e8 200 in 28ms
MIDDLEWARE CALLED FOR: /
 GET / 200 in 48ms
 GET /icon.png?89bb144c429230e8 200 in 25ms
 ✓ Compiled in 299ms (332 modules)
MIDDLEWARE CALLED FOR: /
 GET /?_rsc=7rpsd 200 in 37ms
MIDDLEWARE CALLED FOR: /en/admin/routes
 ✓ Compiled /[locale]/admin/routes in 284ms (753 modules)
 GET /en/admin/routes 200 in 581ms
 ✓ Compiled /icon.png in 77ms (462 modules)
 GET /icon.png?89bb144c429230e8 200 in 158ms
 ✓ Compiled in 448ms (767 modules)
MIDDLEWARE CALLED FOR: /
MIDDLEWARE CALLED FOR: /en/admin/routes
MIDDLEWARE CALLED FOR: /en
 GET /en/admin/routes?_rsc=4bhuk 200 in 121ms
 GET /en 200 in 158ms
 ✓ Compiled in 265ms (767 modules)
MIDDLEWARE CALLED FOR: /en/admin/routes
MIDDLEWARE CALLED FOR: /
MIDDLEWARE CALLED FOR: /en
 GET /en/admin/routes?_rsc=4bhuk 200 in 113ms
 GET /en 200 in 130ms
MIDDLEWARE CALLED FOR: /
MIDDLEWARE CALLED FOR: /en
 GET /en 200 in 114ms
 ✓ Compiled /icon.png in 136ms (462 modules)
 GET /icon.png?89bb144c429230e8 200 in 224ms
MIDDLEWARE CALLED FOR: /en/admin/routes
 GET /en/admin/routes 200 in 111ms
 GET /icon.png?89bb144c429230e8 200 in 27ms
 ✓ Compiled in 335ms (337 modules)
MIDDLEWARE CALLED FOR: /en/admin/routes
MIDDLEWARE CALLED FOR: /en
 GET /en?_rsc=1rqfb 200 in 84ms
 GET /en/admin/routes?_rsc=4bhuk 200 in 86ms
 ✓ Compiled in 319ms (337 modules)
MIDDLEWARE CALLED FOR: /en
MIDDLEWARE CALLED FOR: /en/admin/routes
 GET /en?_rsc=1rqfb 200 in 81ms
 GET /en/admin/routes?_rsc=4bhuk 200 in 89ms
 ✓ Compiled in 232ms (337 modules)
MIDDLEWARE CALLED FOR: /en/admin/routes
MIDDLEWARE CALLED FOR: /en
 GET /en?_rsc=1rqfb 200 in 73ms
 GET /en/admin/routes?_rsc=4bhuk 200 in 74ms
 ✓ Compiled in 137ms (430 modules)
MIDDLEWARE CALLED FOR: /en/admin/routes
 GET /en/admin/routes 200 in 137ms
 ✓ Compiled /icon.png in 129ms (462 modules)
 GET /icon.png?89bb144c429230e8 200 in 217ms
MIDDLEWARE CALLED FOR: /admin/bookings
MIDDLEWARE CALLED FOR: /en/admin/bookings
 ⨯ ./src/app/[locale]/admin/bookings/page.tsx
Error: 
  [31mx[0m Expression expected
     ,-[[36;1;4m/home/bedir/Documents/code/Shuttleport_Front/src/app/[locale]/admin/bookings/page.tsx[0m:440:1]
 [2m440[0m |     : bookings;
 [2m441[0m | 
 [2m442[0m |   return (
 [2m443[0m |     <>
     : [31;1m     ^[0m
 [2m444[0m |       <style dangerouslySetInnerHTML={{__html: `
 [2m445[0m |         .react-datepicker { font-family: inherit; border: 1px solid #f3f4f6; border-radius: 1.25rem; box-shadow: 0 20px 25px -5px rgba(0, 0, 0, 0.1), 0 8px 10px -6px rgba(0, 0, 0, 0.1); overflow: hidden; border: 1px solid rgba(255,255,255,0.5); }
 [2m446[0m |         .react-datepicker__header { background-color: #f8fafc; border-bottom: 1px solid #e2e8f0; padding-top: 1.25rem; padding-bottom: 0.5rem; }
     `----

  [31mx[0m Expected ',', got 'className'
     ,-[[36;1;4m/home/bedir/Documents/code/Shuttleport_Front/src/app/[locale]/admin/bookings/page.tsx[0m:456:1]
 [2m456[0m |         .react-datepicker__navigation:hover .react-datepicker__navigation-icon::before { border-color: #4f46e5; }
 [2m457[0m |         .react-datepicker-popper[data-placement^="bottom"] .react-datepicker__triangle { fill: #f8fafc; color: #f8fafc; stroke: #e2e8f0; }
 [2m458[0m |       `}} />
 [2m459[0m |       <div className="space-y-8 animate-in fade-in duration-500">
     : [31;1m           ^^^^^^^^^[0m
 [2m460[0m |         <div className="flex flex-col md:flex-row justify-between items-start md:items-center gap-4 bg-white p-6 rounded-2xl shadow-sm border border-gray-100">
 [2m461[0m |         <div className="flex items-center gap-4">
 [2m462[0m |           <div className="w-12 h-12 shrink-0 rounded-2xl bg-gradient-to-br from-indigo-600 via-blue-600 to-cyan-500 flex items-center justify-center shadow-[0_4px_12px_rgba(79,70,229,0.3)] ring-4 ring-indigo-50 transform transition-transform hover:scale-105 hover:rotate-3">
     `----

Caused by:
    Syntax Error

Import trace for requested module:
./src/app/[locale]/admin/bookings/page.tsx
 ○ Compiling /_not-found ...
 ⨯ ./src/app/[locale]/admin/bookings/page.tsx
Error: 
  [31mx[0m Expression expected
     ,-[[36;1;4m/home/bedir/Documents/code/Shuttleport_Front/src/app/[locale]/admin/bookings/page.tsx[0m:440:1]
 [2m440[0m |     : bookings;
 [2m441[0m | 
 [2m442[0m |   return (
 [2m443[0m |     <>
     : [31;1m     ^[0m
 [2m444[0m |       <style dangerouslySetInnerHTML={{__html: `
 [2m445[0m |         .react-datepicker { font-family: inherit; border: 1px solid #f3f4f6; border-radius: 1.25rem; box-shadow: 0 20px 25px -5px rgba(0, 0, 0, 0.1), 0 8px 10px -6px rgba(0, 0, 0, 0.1); overflow: hidden; border: 1px solid rgba(255,255,255,0.5); }
 [2m446[0m |         .react-datepicker__header { background-color: #f8fafc; border-bottom: 1px solid #e2e8f0; padding-top: 1.25rem; padding-bottom: 0.5rem; }
     `----

  [31mx[0m Expected ',', got 'className'
     ,-[[36;1;4m/home/bedir/Documents/code/Shuttleport_Front/src/app/[locale]/admin/bookings/page.tsx[0m:456:1]
 [2m456[0m |         .react-datepicker__navigation:hover .react-datepicker__navigation-icon::before { border-color: #4f46e5; }
 [2m457[0m |         .react-datepicker-popper[data-placement^="bottom"] .react-datepicker__triangle { fill: #f8fafc; color: #f8fafc; stroke: #e2e8f0; }
 [2m458[0m |       `}} />
 [2m459[0m |       <div className="space-y-8 animate-in fade-in duration-500">
     : [31;1m           ^^^^^^^^^[0m
 [2m460[0m |         <div className="flex flex-col md:flex-row justify-between items-start md:items-center gap-4 bg-white p-6 rounded-2xl shadow-sm border border-gray-100">
 [2m461[0m |         <div className="flex items-center gap-4">
 [2m462[0m |           <div className="w-12 h-12 shrink-0 rounded-2xl bg-gradient-to-br from-indigo-600 via-blue-600 to-cyan-500 flex items-center justify-center shadow-[0_4px_12px_rgba(79,70,229,0.3)] ring-4 ring-indigo-50 transform transition-transform hover:scale-105 hover:rotate-3">
     `----

Caused by:
    Syntax Error

Import trace for requested module:
./src/app/[locale]/admin/bookings/page.tsx
MIDDLEWARE CALLED FOR: /en
 ⨯ ./src/app/[locale]/admin/bookings/page.tsx
Error: 
  [31mx[0m Expression expected
     ,-[[36;1;4m/home/bedir/Documents/code/Shuttleport_Front/src/app/[locale]/admin/bookings/page.tsx[0m:440:1]
 [2m440[0m |     : bookings;
 [2m441[0m | 
 [2m442[0m |   return (
 [2m443[0m |     <>
     : [31;1m     ^[0m
 [2m444[0m |       <style dangerouslySetInnerHTML={{__html: `
 [2m445[0m |         .react-datepicker { font-family: inherit; border: 1px solid #f3f4f6; border-radius: 1.25rem; box-shadow: 0 20px 25px -5px rgba(0, 0, 0, 0.1), 0 8px 10px -6px rgba(0, 0, 0, 0.1); overflow: hidden; border: 1px solid rgba(255,255,255,0.5); }
 [2m446[0m |         .react-datepicker__header { background-color: #f8fafc; border-bottom: 1px solid #e2e8f0; padding-top: 1.25rem; padding-bottom: 0.5rem; }
     `----

  [31mx[0m Expected ',', got 'className'
     ,-[[36;1;4m/home/bedir/Documents/code/Shuttleport_Front/src/app/[locale]/admin/bookings/page.tsx[0m:456:1]
 [2m456[0m |         .react-datepicker__navigation:hover .react-datepicker__navigation-icon::before { border-color: #4f46e5; }
 [2m457[0m |         .react-datepicker-popper[data-placement^="bottom"] .react-datepicker__triangle { fill: #f8fafc; color: #f8fafc; stroke: #e2e8f0; }
 [2m458[0m |       `}} />
 [2m459[0m |       <div className="space-y-8 animate-in fade-in duration-500">
     : [31;1m           ^^^^^^^^^[0m
 [2m460[0m |         <div className="flex flex-col md:flex-row justify-between items-start md:items-center gap-4 bg-white p-6 rounded-2xl shadow-sm border border-gray-100">
 [2m461[0m |         <div className="flex items-center gap-4">
 [2m462[0m |           <div className="w-12 h-12 shrink-0 rounded-2xl bg-gradient-to-br from-indigo-600 via-blue-600 to-cyan-500 flex items-center justify-center shadow-[0_4px_12px_rgba(79,70,229,0.3)] ring-4 ring-indigo-50 transform transition-transform hover:scale-105 hover:rotate-3">
     `----

Caused by:
    Syntax Error

Import trace for requested module:
./src/app/[locale]/admin/bookings/page.tsx
 ⨯ ./src/app/[locale]/admin/bookings/page.tsx
Error: 
  [31mx[0m Expression expected
     ,-[[36;1;4m/home/bedir/Documents/code/Shuttleport_Front/src/app/[locale]/admin/bookings/page.tsx[0m:440:1]
 [2m440[0m |     : bookings;
 [2m441[0m | 
 [2m442[0m |   return (
 [2m443[0m |     <>
     : [31;1m     ^[0m
 [2m444[0m |       <style dangerouslySetInnerHTML={{__html: `
 [2m445[0m |         .react-datepicker { font-family: inherit; border: 1px solid #f3f4f6; border-radius: 1.25rem; box-shadow: 0 20px 25px -5px rgba(0, 0, 0, 0.1), 0 8px 10px -6px rgba(0, 0, 0, 0.1); overflow: hidden; border: 1px solid rgba(255,255,255,0.5); }
 [2m446[0m |         .react-datepicker__header { background-color: #f8fafc; border-bottom: 1px solid #e2e8f0; padding-top: 1.25rem; padding-bottom: 0.5rem; }
     `----

  [31mx[0m Expected ',', got 'className'
     ,-[[36;1;4m/home/bedir/Documents/code/Shuttleport_Front/src/app/[locale]/admin/bookings/page.tsx[0m:456:1]
 [2m456[0m |         .react-datepicker__navigation:hover .react-datepicker__navigation-icon::before { border-color: #4f46e5; }
 [2m457[0m |         .react-datepicker-popper[data-placement^="bottom"] .react-datepicker__triangle { fill: #f8fafc; color: #f8fafc; stroke: #e2e8f0; }
 [2m458[0m |       `}} />
 [2m459[0m |       <div className="space-y-8 animate-in fade-in duration-500">
     : [31;1m           ^^^^^^^^^[0m
 [2m460[0m |         <div className="flex flex-col md:flex-row justify-between items-start md:items-center gap-4 bg-white p-6 rounded-2xl shadow-sm border border-gray-100">
 [2m461[0m |         <div className="flex items-center gap-4">
 [2m462[0m |           <div className="w-12 h-12 shrink-0 rounded-2xl bg-gradient-to-br from-indigo-600 via-blue-600 to-cyan-500 flex items-center justify-center shadow-[0_4px_12px_rgba(79,70,229,0.3)] ring-4 ring-indigo-50 transform transition-transform hover:scale-105 hover:rotate-3">
     `----

Caused by:
    Syntax Error

Import trace for requested module:
./src/app/[locale]/admin/bookings/page.tsx
MIDDLEWARE CALLED FOR: /en/admin/bookings
MIDDLEWARE CALLED FOR: /en
MIDDLEWARE CALLED FOR: /en/admin/bookings
MIDDLEWARE CALLED FOR: /en
 GET /en 500 in 20ms
MIDDLEWARE CALLED FOR: /en/admin/bookings
 GET /en/admin/bookings 500 in 28ms
MIDDLEWARE CALLED FOR: /en/admin/bookings
 GET /en/admin/bookings 500 in 8ms
MIDDLEWARE CALLED FOR: /en/admin/bookings
 GET /en/admin/bookings 500 in 8ms

Could not open page.tsx in the editor.
The editor process exited with an error: Terminal editors can only be used on macOS.

To set up the editor integration, add something like REACT_EDITOR=atom to the .env.local file in your project folder and restart the development server.

MIDDLEWARE CALLED FOR: /en/admin/bookings
 GET /en/admin/bookings 500 in 14ms
MIDDLEWARE CALLED FOR: /en/admin/bookings
 GET /en/admin/bookings 500 in 11ms
MIDDLEWARE CALLED FOR: /en/admin/bookings
 GET /en/admin/bookings 500 in 11ms
MIDDLEWARE CALLED FOR: /en/admin/bookings
 GET /en/admin/bookings 500 in 9ms
MIDDLEWARE CALLED FOR: /en/admin/bookings
 GET /en/admin/bookings 500 in 8ms
 ✓ Compiled /_error in 3.3s (2696 modules)
MIDDLEWARE CALLED FOR: /en
MIDDLEWARE CALLED FOR: /en/admin/bookings
 ✓ Compiled (2682 modules)
 GET /_next/static/webpack/643ce56b4c17ee6c.webpack.hot-update.json 404 in 3674ms
 GET /en 200 in 330ms
 GET /_next/static/webpack/643ce56b4c17ee6c.webpack.hot-update.json 404 in 20ms
 ⚠ Fast Refresh had to perform a full reload due to a runtime error.
 GET /en/admin/bookings 200 in 349ms
MIDDLEWARE CALLED FOR: /en/admin/bookings
 GET /en/admin/bookings 200 in 149ms
 ✓ Compiled in 635ms (2696 modules)
MIDDLEWARE CALLED FOR: /en
MIDDLEWARE CALLED FOR: /en/admin/bookings
 GET /en?_rsc=1rqfb 200 in 138ms
 GET /en/admin/bookings?_rsc=1gbmk 200 in 151ms
 ✓ Compiled in 771ms (2692 modules)
MIDDLEWARE CALLED FOR: /en/admin/bookings
MIDDLEWARE CALLED FOR: /en
 GET /en?_rsc=1rqfb 200 in 191ms
 GET /en/admin/bookings?_rsc=1gbmk 200 in 192ms
MIDDLEWARE CALLED FOR: /en/admin/bookings
 GET /en/admin/bookings 200 in 147ms
 ✓ Compiled /icon.png in 152ms (1344 modules)
 GET /icon.png?89bb144c429230e8 200 in 251ms
 ✓ Compiled in 745ms (2692 modules)
MIDDLEWARE CALLED FOR: /en
MIDDLEWARE CALLED FOR: /en/admin/bookings
 GET /en?_rsc=1rqfb 200 in 184ms
 GET /en/admin/bookings?_rsc=1gbmk 200 in 190ms
MIDDLEWARE CALLED FOR: /en/admin/bookings
 GET /en/admin/bookings 200 in 152ms
 ✓ Compiled /icon.png in 153ms (1344 modules)
 GET /icon.png?89bb144c429230e8 200 in 247ms
 ○ Compiling /_not-found ...
 ✓ Compiled /_not-found in 565ms (2682 modules)
 GET /.well-known/appspecific/com.chrome.devtools.json 404 in 682ms
MIDDLEWARE CALLED FOR: /en/admin/bookings
 GET /en/admin/bookings 200 in 138ms
 GET /.well-known/appspecific/com.chrome.devtools.json 404 in 25ms
 ✓ Compiled /icon.png in 271ms (1346 modules)
 GET /icon.png?89bb144c429230e8 200 in 363ms
MIDDLEWARE CALLED FOR: /en/admin/bookings
 GET /en/admin/bookings 200 in 195ms
MIDDLEWARE CALLED FOR: /en
 GET /en 200 in 158ms
MIDDLEWARE CALLED FOR: /en
MIDDLEWARE CALLED FOR: /en/admin/bookings
 GET /en 200 in 174ms
 GET /en/admin/bookings 200 in 174ms
